Arguments: 
  /Users/miguel/.nvm/versions/node/v16.17.0/bin/node /usr/local/Cellar/yvm/3.6.7/versions/v1.22.5/bin/yarn.js

PATH: 
  /usr/local/Cellar/yvm/3.6.7/versions/v1.22.5/bin:/Users/miguel/google-cloud-sdk/bin:/Users/miguel/.deno/bin:/usr/local/Cellar/yvm/3.6.7/shim:/Users/miguel/.nvm/versions/node/v16.17.0/bin:/usr/local/bin:/usr/bin:/bin:/usr/sbin:/sbin:/Library/Apple/usr/bin:/Applications/Wireshark.app/Contents/MacOS:/Users/miguel/Library/Android/Sdk/tools:/Users/miguel/Library/Android/Sdk/platform-tools:/usr/local/Cellar/maven/3.5.0/libexec/bin

Yarn version: 
  1.22.5

Node version: 
  16.17.0

Platform: 
  darwin x64

Trace: 
  SyntaxError: /Users/miguel/lavishweb-v2/packages/container/package.json: Unexpected token } in JSON at position 2131
      at JSON.parse (<anonymous>)
      at /usr/local/var/yvm/versions/v1.22.5/lib/cli.js:1625:59
      at Generator.next (<anonymous>)
      at step (/usr/local/var/yvm/versions/v1.22.5/lib/cli.js:310:30)
      at /usr/local/var/yvm/versions/v1.22.5/lib/cli.js:321:13

npm manifest: 
  {
    "name": "container",
    "sideEffects": [
      "*.css",
      "*.scss"
    ],
    "dependencies": {
      "core-js": "^3.10.0",
      "react": "^17.0.2"
    },
    "devDependencies": {
      "@apollo/react-hooks": "^4.0.0",
      "@babel/core": "^7.13.14",
      "@babel/plugin-transform-runtime": "^7.13.10",
      "@babel/preset-env": "^7.13.12",
      "@babel/preset-react": "^7.13.13",
      "@babel/preset-typescript": "^7.13.0",
      "@fortawesome/fontawesome-pro": "^5.12.1",
      "@pmmmwh/react-refresh-webpack-plugin": "^0.4.3",
      "@reduxjs/toolkit": "^1.8.5",
      "@testing-library/jest-dom": "^5.11.10",
      "@testing-library/react": "^11.2.6",
      "@types/jest": "^26.0.22",
      "@types/node": "^15.0.1",
      "@types/react": "^17.0.3",
      "@types/react-dom": "^17.0.3",
      "@typescript-eslint/eslint-plugin": "^4.20.0",
      "@typescript-eslint/parser": "^4.20.0",
      "animate.css": "^4.1.1",
      "apollo-cache-inmemory": "^1.6.6",
      "apollo-client": "^2.6.10",
      "apollo-link-http": "^1.5.17",
      "babel-jest": "^26.6.3",
      "babel-loader": "^8.2.2",
      "babel-plugin-module-resolver": "^4.1.0",
      "clean-webpack-plugin": "^3.0.0",
      "compression-webpack-plugin": "^10.0.0",
      "css-loader": "^5.2.0",
      "eslint": "^7.23.0",
      "eslint-config-prettier": "^8.1.0",
      "eslint-plugin-import": "^2.22.1",
      "eslint-plugin-jest": "^24.3.3",
      "eslint-plugin-json": "^2.1.2",
      "eslint-plugin-prettier": "^3.3.1",
      "eslint-plugin-react": "^7.23.1",
      "eslint-plugin-react-hooks": "^4.2.0",
      "html-loader": "^4.1.0",
      "html-webpack-plugin": "^5.3.1",
      "identity-obj-proxy": "^3.0.0",
      "jest": "^26.6.3",
      "jest-css-modules": "^2.1.0",
      "mini-css-extract-plugin": "^1.4.0",
      "prettier": "^2.2.1",
      "raw-loader": "^4.0.2",
      "react-dom": "^17.0.2",
      "react-helmet": "^6.1.0",
      "react-refresh": "^0.10.0",
      "react-router": "^5.1.2",
      "react-router-dom": "^5.2.0",
      "react-snap": "^1.23.0",
      "sass": "^1.32.8",
      "sass-loader": "^11.0.1",
      "style-loader": "^2.0.0",
      "ts-jest": "^26.5.4",
      "ts-node": "^9.1.1",
      "typescript": "^4.2.3",
      "url-loader": "^4.1.1",
    },
    "scripts": {
      "build": "webpack --config config/webpack.prod.js",
      "start": "webpack serve --config config/webpack.dev.js",
      "test": "jest"
    },
    "version": "1.0.0",
    "description": "The mfe-container for lavishweb.com",
    "author": "Miguel Coder",
    "license": "MIT"
  }

yarn manifest: 
  No manifest

Lockfile: 
  No lockfile
